Discovered 71 unique H4 regression suites/files
[1/71] H4.1 :: tests/H4_1/test_debug_adapter_core.py
[2/71] H4.2 :: tests/test_h4_2_f5_event_dispatcher_compatibility.py
[3/71] H4.2 :: tests/test_h4_2_f5_event_request_seq_compatibility.py
[4/71] H4.2 :: tests/test_h4_2_finalize_v2_f1_core_merge.py
[5/71] H4.2 :: tests/test_h4_2_finalize_v2_f2_legacy_cleanup.py
[6/71] H4.2 :: tests/test_h4_2_finalize_v2_f3_dispatcher_merge.py
[7/71] H4.2 :: tests/test_h4_2_finalize_v2_f4_response_merge.py
[8/71] H4.2 :: tests/test_h4_2_finalize_v2_f5_event_merge.py
[9/71] H4.2 :: tests/test_h4_2_finalize_v2_f6_execution_merge.py
[10/71] H4.2 :: tests/test_h4_2_finalize_v2_f7_full_dap_regression.py
[11/71] H4.2 :: tests/test_h4_2_finalize_v2_f7_full_regression_manifest.py
[12/71] H4.2 :: tests/test_h4_2_finalize_v2_f8_end_to_end_professional_verification.py
[13/71] H4.2 :: tests/test_h4_2_part1_finalize_dap_set_breakpoints.py
[14/71] H4.2 :: tests/test_h4_2_part1a_breakpoint_core.py
[15/71] H4.2 :: tests/test_h4_2_part1b_source_mapping.py
[16/71] H4.2 :: tests/test_h4_2_part2a_execution_core.py
[17/71] H4.2 :: tests/test_h4_2_part2b_v2_core.py
[18/71] H4.2 :: tests/test_h4_2_part2b_v2_dap_routing.py
[19/71] H4.2 :: tests/test_h4_2_part2b_v2_finalize.py
[20/71] H4.3 :: tests/test_h4_3_d10_professional_verification.py
[21/71] H4.3 :: tests/test_h4_3_d1_variables_core.py
[22/71] H4.3 :: tests/test_h4_3_d2_variables_references.py
[23/71] H4.3 :: tests/test_h4_3_d3_variable_store.py
[24/71] H4.3 :: tests/test_h4_3_d4_stack_frames.py
[25/71] H4.3 :: tests/test_h4_3_d5_threads.py
[26/71] H4.3 :: tests/test_h4_3_d6_scopes.py
[27/71] H4.3 :: tests/test_h4_3_d7_evaluate.py
[28/71] H4.3 :: tests/test_h4_3_d8_watch_expressions.py
[29/71] H4.3 :: tests/test_h4_3_d9_full_regression_manifest.py
[30/71] H4.3 :: tests/test_h4_3_d9_integrated_data_model_regression.py
[31/71] H4.4 :: tests/test_h4_4_d1_vscode_debugger_contribution.py
[32/71] H4.4 :: tests/test_h4_4_d2_debug_adapter_registration.py
[33/71] H4.4 :: tests/test_h4_4_d3_workspace_debug_configs.py
[34/71] H4.4 :: tests/test_h4_4_d4_f5_debug_flow.py
[35/71] H4.4 :: tests/test_h4_4_d5_vscode_extension_package_verification.py
[36/71] H4.4 :: tests/test_h4_4_d6_vscode_end_to_end_verification.py
[37/71] H4.general :: tests/P2_canonical_debug_adapter/test_p2_batch4_events.py
[38/71] H4.general :: tests/test_h4_finalize.py
[39/71] H4.general :: tests/test_h4_part2.py
[40/71] H4.general :: tests/test_h4_part3.py
[41/71] H4.2 :: .panther/backups/H4_2_f5_event_dispatcher_compatibility_20260628_103053/tests/phase5_10/test_phase5_manifest.py
[42/71] H4.2 :: .panther/backups/H4_2_f5_event_dispatcher_compatibility_20260628_103053/tests/phase5_3/test_memory_runtime.py
[43/71] H4.2 :: .panther/backups/H4_2_f5_event_dispatcher_compatibility_20260628_103053/tests/phase5_4/test_agent_runtime.py
[44/71] H4.2 :: .panther/backups/H4_2_f5_event_dispatcher_compatibility_20260628_103053/tests/phase5_5/test_intent_compiler.py
[45/71] H4.2 :: .panther/backups/H4_2_f5_event_dispatcher_compatibility_20260628_103053/tests/phase5_6/test_ai_optimizer.py
[46/71] H4.2 :: .panther/backups/H4_2_f5_event_dispatcher_compatibility_20260628_103053/tests/phase5_7/test_distributed_runtime.py
[47/71] H4.2 :: .panther/backups/H4_2_f5_event_dispatcher_compatibility_20260628_103053/tests/phase5_9/test_package_manager.py
[48/71] H4.2 :: .panther/backups/H4_2_f5_event_dispatcher_compatibility_20260628_103053/tests/phase6_1/test_compiler_integration_framework.py
[49/71] H4.2 :: .panther/backups/H4_2_f5_event_dispatcher_compatibility_20260628_103053/tests/phase6_10/test_final_compiler.py
[50/71] H4.2 :: .panther/backups/H4_2_f5_event_dispatcher_compatibility_20260628_103053/tests/phase6_11/test_expressions_engine.py
[51/71] H4.2 :: .panther/backups/H4_2_f5_event_dispatcher_compatibility_20260628_103053/tests/phase6_12/test_control_flow.py
[52/71] H4.2 :: .panther/backups/H4_2_f5_event_dispatcher_compatibility_20260628_103053/tests/phase6_13/test_loops.py
[53/71] H4.2 :: .panther/backups/H4_2_f5_event_dispatcher_compatibility_20260628_103053/tests/phase6_14/test_functions.py
[54/71] H4.2 :: .panther/backups/H4_2_f5_event_dispatcher_compatibility_20260628_103053/tests/phase6_15/test_structs.py
[55/71] H4.2 :: .panther/backups/H4_2_f5_event_dispatcher_compatibility_20260628_103053/tests/phase6_16/test_modules.py
[56/71] H4.2 :: .panther/backups/H4_2_f5_event_dispatcher_compatibility_20260628_103053/tests/phase6_17/test_stdlib.py
[57/71] H4.2 :: .panther/backups/H4_2_f5_event_dispatcher_compatibility_20260628_103053/tests/phase6_18/test_runtime_bridge.py
[58/71] H4.2 :: .panther/backups/H4_2_f5_event_dispatcher_compatibility_20260628_103053/tests/phase6_19/test_fast_regression.py
[59/71] H4.2 :: .panther/backups/H4_2_f5_event_dispatcher_compatibility_20260628_103053/tests/phase6_2/test_incremental_compilation.py
[60/71] H4.2 :: .panther/backups/H4_2_f5_event_dispatcher_compatibility_20260628_103053/tests/phase6_20/test_production_readiness.py
[61/71] H4.2 :: .panther/backups/H4_2_f5_event_dispatcher_compatibility_20260628_103053/tests/phase6_3/test_workspace_manager.py
[62/71] H4.2 :: .panther/backups/H4_2_f5_event_dispatcher_compatibility_20260628_103053/tests/phase6_4/test_advanced_type_inference.py
[63/71] H4.2 :: .panther/backups/H4_2_f5_event_dispatcher_compatibility_20260628_103053/tests/phase6_5/test_async_runtime.py
[64/71] H4.2 :: .panther/backups/H4_2_f5_event_dispatcher_compatibility_20260628_103053/tests/phase6_6/test_native_backend.py
[65/71] H4.2 :: .panther/backups/H4_2_f5_event_dispatcher_compatibility_20260628_103053/tests/phase6_7/test_ai_compiler_optimization.py
[66/71] H4.2 :: .panther/backups/H4_2_f5_event_dispatcher_compatibility_20260628_103053/tests/phase7_1/test_ai_runtime.py
[67/71] H4.2 :: .panther/backups/H4_2_f5_event_dispatcher_compatibility_20260628_103053/tests/phase7_10/test_final_runtime.py
[68/71] H4.2 :: .panther/backups/H4_2_f5_event_dispatcher_compatibility_20260628_103053/tests/phase7_2/test_cli_run.py
[69/71] H4.2 :: .panther/backups/H4_2_f5_event_dispatcher_compatibility_20260628_103053/tests/phase7_2/test_native_memory.py
[70/71] H4.2 :: .panther/backups/H4_2_f5_event_dispatcher_compatibility_20260628_103053/tests/phase7_3/test_agent_execution.py
[71/71] H4.2 :: .panther/backups/H4_2_f5_event_dispatcher_compatibility_20260628_103053/tests/phase9_1/test_production_build.py
